<?xml version="1.0" encoding="UTF-8"?>
<!-- Generated by org.testng.reporters.JUnitReportReporter -->
<testsuite skipped="0" hostname="DESKTOP-GV4QMTO" name="com.assignment.api_assignment.POST_Request" tests="1" failures="0" timestamp="26 Apr 2020 09:51:26 GMT" time="4.852" errors="0">
  <testcase name="postEmployeePostiveFlow" time="4.852" classname="com.assignment.api_assignment.POST_Request"/>
</testsuite> <!-- com.assignment.api_assignment.POST_Request -->
