<?xml version="1.0" encoding="UTF-8"?>
<!-- Generated by org.testng.reporters.JUnitReportReporter -->
<testsuite skipped="0" hostname="DESKTOP-GV4QMTO" name="com.assignment.api_assignment.App" tests="2" failures="0" timestamp="25 Apr 2020 12:32:34 GMT" time="22.424" errors="0">
  <testcase name="getUserDetails" time="15.316" classname="com.assignment.api_assignment.App"/>
  <testcase name="updateUserDetailsTest" time="7.108" classname="com.assignment.api_assignment.App"/>
</testsuite> <!-- com.assignment.api_assignment.App -->
