<?xml version="1.0" encoding="UTF-8"?>
<!-- Generated by org.testng.reporters.JUnitReportReporter -->
<testsuite skipped="0" hostname="DESKTOP-GV4QMTO" name="com.assignment.api_assignment.DELETE_Request" tests="2" failures="0" timestamp="26 Apr 2020 10:56:31 GMT" time="4.233" errors="0">
  <testcase name="deleteEmployeePostiveFlow" time="3.379" classname="com.assignment.api_assignment.DELETE_Request"/>
  <testcase name="deleteEmployeeNegativeFlow" time="0.854" classname="com.assignment.api_assignment.DELETE_Request"/>
</testsuite> <!-- com.assignment.api_assignment.DELETE_Request -->
